<?xml version="1.0" encoding="UTF-8"?>
<testng-results skipped="0" failed="0" ignored="0" total="1" passed="1">
  <reporter-output>
  </reporter-output>
  <suite name="Default suite" duration-ms="73" started-at="2018-08-11T17:46:00Z" finished-at="2018-08-11T17:46:00Z">
    <groups>
    </groups>
    <test name="Default test" duration-ms="73" started-at="2018-08-11T17:46:00Z" finished-at="2018-08-11T17:46:00Z">
      <class name="com.kr.lab.TestNG_Demo">
        <test-method status="PASS" signature="test()[pri:0, instance:com.kr.lab.TestNG_Demo@5e3a8624]" name="test" duration-ms="14" started-at="2018-08-11T17:46:00Z" finished-at="2018-08-11T17:46:00Z">
          <reporter-output>
          </reporter-output>
        </test-method> <!-- test -->
      </class> <!-- com.kr.lab.TestNG_Demo -->
    </test> <!-- Default test -->
  </suite> <!-- Default suite -->
</testng-results>
